<?xml version="1.0" encoding="UTF-8"?>
<!-- Generated by org.testng.reporters.JUnitReportReporter -->
<testsuite hostname="seeyos-MacBook-Pro.local" failures="0" tests="1" name="com.demo.capstoneproj.AutomateRegistration" time="8.886" errors="0" timestamp="13 Oct 2022 15:43:17 GMT">
  <testcase classname="com.demo.capstoneproj.AutomateRegistration" name="f" time="8.886"/>
</testsuite> <!-- com.demo.capstoneproj.AutomateRegistration -->
