<?xml version="1.0" encoding="UTF-8"?>
<!-- Generated by org.testng.reporters.JUnitReportReporter -->
<testsuite hostname="seeyos-MacBook-Pro.local" failures="0" tests="2" name="com.demo.p5l2asst1.asst1" time="0.048" errors="0" timestamp="2022-10-02T19:31:20 IST" skipped="0">
  <testcase classname="com.demo.p5l2asst1.asst1" name="Hello" time="0.028"/>
  <system-out/>
  <testcase classname="com.demo.p5l2asst1.asst1" name="Hello1" time="0.020"/>
  <system-out/>
</testsuite> <!-- com.demo.p5l2asst1.asst1 -->
