<?xml version="1.0" encoding="UTF-8"?>
<!-- Generated by org.testng.reporters.JUnitReportReporter -->
<testsuite hostname="seeyos-MacBook-Pro.local" failures="0" tests="3" name="com.demo.phaseendproj.search" time="266.758" errors="0" timestamp="11 Oct 2022 15:35:50 GMT">
  <testcase classname="com.demo.phaseendproj.search" name="f" time="74.384"/>
  <testcase classname="com.demo.phaseendproj.search" name="beforeTest2" time="4.814"/>
  <testcase classname="com.demo.phaseendproj.search" name="f2" time="187.560"/>
</testsuite> <!-- com.demo.phaseendproj.search -->
