<?xml version="1.0" encoding="UTF-8"?>
<!-- Generated by org.testng.reporters.JUnitReportReporter -->
<testsuite hostname="seeyos-MacBook-Pro.local" failures="0" tests="1" name="com.demo.p5l2asst1.FacebookLogin" time="12.728" errors="0" timestamp="2 Oct 2022 14:15:07 GMT">
  <testcase classname="com.demo.p5l2asst1.FacebookLogin" name="facebook" time="12.728"/>
</testsuite> <!-- com.demo.p5l2asst1.FacebookLogin -->
