<?xml version="1.0" encoding="UTF-8"?>
<!-- Generated by org.testng.reporters.JUnitReportReporter -->
<testsuite hostname="seeyos-MacBook-Pro.local" failures="0" tests="1" name="com.demo.capstoneproj.AutomateLogin" time="3.845" errors="0" timestamp="13 Oct 2022 15:45:00 GMT">
  <testcase classname="com.demo.capstoneproj.AutomateLogin" name="f" time="3.845"/>
</testsuite> <!-- com.demo.capstoneproj.AutomateLogin -->
